<?xml version="1.0" encoding="UTF-8"?>
<testsuite name="co.ceiba.parking.parquedero.MotoTest" tests="6" skipped="0" failures="0" errors="0" timestamp="2018-02-01T20:36:35" hostname="CESAR-VELASQUEZ" time="0.088">
  <properties/>
  <testcase name="IngresoNoValidoPorCuposNoDisponibles" classname="co.ceiba.parking.parquedero.MotoTest" time="0.011"/>
  <testcase name="IngresoValido" classname="co.ceiba.parking.parquedero.MotoTest" time="0.017"/>
  <testcase name="BuscarTodosLosCarro" classname="co.ceiba.parking.parquedero.MotoTest" time="0.011"/>
  <testcase name="BuscarCarroIdividual" classname="co.ceiba.parking.parquedero.MotoTest" time="0.011"/>
  <testcase name="IngresoNoValidoPlacaIniciaPorLetraALosDomingosYLunesTest" classname="co.ceiba.parking.parquedero.MotoTest" time="0.014"/>
  <testcase name="ErrorModificaionIngresoPlacaInexistente" classname="co.ceiba.parking.parquedero.MotoTest" time="0.009"/>
  <system-out><![CDATA[2018-02-01 15:36:35.689  INFO 7400 --- [    Test worker] .b.t.c.SpringBootTestContextBootstrapper : Neither @ContextConfiguration nor @ContextHierarchy found for test class [co.ceiba.parking.parquedero.MotoTest], using SpringBootContextLoader
2018-02-01 15:36:35.690  INFO 7400 --- [    Test worker] o.s.t.c.support.AbstractContextLoader    : Could not detect default resource locations for test class [co.ceiba.parking.parquedero.MotoTest]: no resource found for suffixes {-context.xml, Context.groovy}.
2018-02-01 15:36:35.690  INFO 7400 --- [    Test worker] t.c.s.AnnotationConfigContextLoaderUtils : Could not detect default configuration classes for test class [co.ceiba.parking.parquedero.MotoTest]: MotoTest does not declare any static, non-private, non-final, nested classes annotated with @Configuration.
2018-02-01 15:36:35.700  INFO 7400 --- [    Test worker] .b.t.c.SpringBootTestContextBootstrapper : Found @SpringBootConfiguration co.ceiba.parking.Main for test class co.ceiba.parking.parquedero.MotoTest
2018-02-01 15:36:35.706  INFO 7400 --- [    Test worker] .b.t.c.SpringBootTestContextBootstrapper : Loaded default TestExecutionListener class names from location [META-INF/spring.factories]: [org.springframework.boot.test.mock.mockito.MockitoTestExecutionListener, org.springframework.boot.test.mock.mockito.ResetMocksTestExecutionListener, org.springframework.boot.test.autoconfigure.restdocs.RestDocsTestExecutionListener, org.springframework.boot.test.autoconfigure.web.client.MockRestServiceServerResetTestExecutionListener, org.springframework.boot.test.autoconfigure.web.servlet.MockMvcPrintOnlyOnFailureTestExecutionListener, org.springframework.boot.test.autoconfigure.web.servlet.WebDriverTestExecutionListener, org.springframework.test.context.web.ServletTestExecutionListener, org.springframework.test.context.support.DirtiesContextBeforeModesTestExecutionListener, org.springframework.test.context.support.DependencyInjectionTestExecutionListener, org.springframework.test.context.support.DirtiesContextTestExecutionListener, org.springframework.test.context.transaction.TransactionalTestExecutionListener, org.springframework.test.context.jdbc.SqlScriptsTestExecutionListener]
2018-02-01 15:36:35.711  INFO 7400 --- [    Test worker] .b.t.c.SpringBootTestContextBootstrapper : Using TestExecutionListeners: [org.springframework.test.context.web.ServletTestExecutionListener@282de978, org.springframework.test.context.support.DirtiesContextBeforeModesTestExecutionListener@79796feb, org.springframework.boot.test.autoconfigure.SpringBootDependencyInjectionTestExecutionListener@7492dc55, org.springframework.test.context.support.DirtiesContextTestExecutionListener@5124adce, org.springframework.test.context.transaction.TransactionalTestExecutionListener@1685f8bb, org.springframework.test.context.jdbc.SqlScriptsTestExecutionListener@24b1cbb7, org.springframework.boot.test.mock.mockito.MockitoTestExecutionListener@4623cb00, org.springframework.boot.test.autoconfigure.web.servlet.MockMvcPrintOnlyOnFailureTestExecutionListener@329d44d7, org.springframework.boot.test.autoconfigure.web.servlet.WebDriverTestExecutionListener@be4221f, org.springframework.boot.test.autoconfigure.restdocs.RestDocsTestExecutionListener@21a2bca7, org.springframework.boot.test.mock.mockito.ResetMocksTestExecutionListener@79011858, org.springframework.boot.test.autoconfigure.web.client.MockRestServiceServerResetTestExecutionListener@21625053]
2018-02-01 15:36:35.815  INFO 7400 --- [    Test worker] o.s.t.c.transaction.TransactionContext   : Began transaction (1) for test context [DefaultTestContext@7cc67971 testClass = MotoTest, testInstance = co.ceiba.parking.parquedero.MotoTest@228559a2, testMethod = IngresoNoValidoPorCuposNoDisponibles@MotoTest, testException = [null], mergedContextConfiguration = [WebMergedContextConfiguration@bbc6aba testClass = MotoTest, locations = '{}', classes = '{class co.ceiba.parking.Main}', contextInitializerClasses = '[]', activeProfiles = '{}', propertySourceLocations = '{}', propertySourceProperties = '{org.springframework.boot.test.context.SpringBootTestContextBootstrapper=true}', contextCustomizers = set[org.springframework.boot.test.context.SpringBootTestContextCustomizer@30f7f9da, org.springframework.boot.test.context.filter.ExcludeFilterContextCustomizer@2801c898, org.springframework.boot.test.json.DuplicateJsonObjectContextCustomizerFactory$DuplicateJsonObjectContextCustomizer@ad0f8fd, org.springframework.boot.test.mock.mockito.MockitoContextCustomizer@0, org.springframework.boot.test.autoconfigure.properties.PropertyMappingContextCustomizer@0, org.springframework.boot.test.autoconfigure.web.servlet.WebDriverContextCustomizerFactory$Customizer@d16927], resourceBasePath = 'src/main/webapp', contextLoader = 'org.springframework.boot.test.context.SpringBootContextLoader', parent = [null]]]; transaction manager [org.springframework.orm.jpa.JpaTransactionManager@4f7f7b5a]; rollback [true]
2018-02-01 15:36:35.823  INFO 7400 --- [    Test worker] o.s.t.c.transaction.TransactionContext   : Rolled back transaction for test context [DefaultTestContext@7cc67971 testClass = MotoTest, testInstance = co.ceiba.parking.parquedero.MotoTest@228559a2, testMethod = IngresoNoValidoPorCuposNoDisponibles@MotoTest, testException = [null], mergedContextConfiguration = [WebMergedContextConfiguration@bbc6aba testClass = MotoTest, locations = '{}', classes = '{class co.ceiba.parking.Main}', contextInitializerClasses = '[]', activeProfiles = '{}', propertySourceLocations = '{}', propertySourceProperties = '{org.springframework.boot.test.context.SpringBootTestContextBootstrapper=true}', contextCustomizers = set[org.springframework.boot.test.context.SpringBootTestContextCustomizer@30f7f9da, org.springframework.boot.test.context.filter.ExcludeFilterContextCustomizer@2801c898, org.springframework.boot.test.json.DuplicateJsonObjectContextCustomizerFactory$DuplicateJsonObjectContextCustomizer@ad0f8fd, org.springframework.boot.test.mock.mockito.MockitoContextCustomizer@0, org.springframework.boot.test.autoconfigure.properties.PropertyMappingContextCustomizer@0, org.springframework.boot.test.autoconfigure.web.servlet.WebDriverContextCustomizerFactory$Customizer@d16927], resourceBasePath = 'src/main/webapp', contextLoader = 'org.springframework.boot.test.context.SpringBootContextLoader', parent = [null]]].
2018-02-01 15:36:35.837  INFO 7400 --- [    Test worker] o.s.t.c.transaction.TransactionContext   : Began transaction (1) for test context [DefaultTestContext@7cc67971 testClass = MotoTest, testInstance = co.ceiba.parking.parquedero.MotoTest@21d912db, testMethod = IngresoValido@MotoTest, testException = [null], mergedContextConfiguration = [WebMergedContextConfiguration@bbc6aba testClass = MotoTest, locations = '{}', classes = '{class co.ceiba.parking.Main}', contextInitializerClasses = '[]', activeProfiles = '{}', propertySourceLocations = '{}', propertySourceProperties = '{org.springframework.boot.test.context.SpringBootTestContextBootstrapper=true}', contextCustomizers = set[org.springframework.boot.test.context.SpringBootTestContextCustomizer@30f7f9da, org.springframework.boot.test.context.filter.ExcludeFilterContextCustomizer@2801c898, org.springframework.boot.test.json.DuplicateJsonObjectContextCustomizerFactory$DuplicateJsonObjectContextCustomizer@ad0f8fd, org.springframework.boot.test.mock.mockito.MockitoContextCustomizer@0, org.springframework.boot.test.autoconfigure.properties.PropertyMappingContextCustomizer@0, org.springframework.boot.test.autoconfigure.web.servlet.WebDriverContextCustomizerFactory$Customizer@d16927], resourceBasePath = 'src/main/webapp', contextLoader = 'org.springframework.boot.test.context.SpringBootContextLoader', parent = [null]]]; transaction manager [org.springframework.orm.jpa.JpaTransactionManager@4f7f7b5a]; rollback [true]
2018-02-01 15:36:35.844  INFO 7400 --- [    Test worker] o.s.t.c.transaction.TransactionContext   : Rolled back transaction for test context [DefaultTestContext@7cc67971 testClass = MotoTest, testInstance = co.ceiba.parking.parquedero.MotoTest@21d912db, testMethod = IngresoValido@MotoTest, testException = [null], mergedContextConfiguration = [WebMergedContextConfiguration@bbc6aba testClass = MotoTest, locations = '{}', classes = '{class co.ceiba.parking.Main}', contextInitializerClasses = '[]', activeProfiles = '{}', propertySourceLocations = '{}', propertySourceProperties = '{org.springframework.boot.test.context.SpringBootTestContextBootstrapper=true}', contextCustomizers = set[org.springframework.boot.test.context.SpringBootTestContextCustomizer@30f7f9da, org.springframework.boot.test.context.filter.ExcludeFilterContextCustomizer@2801c898, org.springframework.boot.test.json.DuplicateJsonObjectContextCustomizerFactory$DuplicateJsonObjectContextCustomizer@ad0f8fd, org.springframework.boot.test.mock.mockito.MockitoContextCustomizer@0, org.springframework.boot.test.autoconfigure.properties.PropertyMappingContextCustomizer@0, org.springframework.boot.test.autoconfigure.web.servlet.WebDriverContextCustomizerFactory$Customizer@d16927], resourceBasePath = 'src/main/webapp', contextLoader = 'org.springframework.boot.test.context.SpringBootContextLoader', parent = [null]]].
2018-02-01 15:36:35.850  INFO 7400 --- [    Test worker] o.s.t.c.transaction.TransactionContext   : Began transaction (1) for test context [DefaultTestContext@7cc67971 testClass = MotoTest, testInstance = co.ceiba.parking.parquedero.MotoTest@221eeef6, testMethod = BuscarTodosLosCarro@MotoTest, testException = [null], mergedContextConfiguration = [WebMergedContextConfiguration@bbc6aba testClass = MotoTest, locations = '{}', classes = '{class co.ceiba.parking.Main}', contextInitializerClasses = '[]', activeProfiles = '{}', propertySourceLocations = '{}', propertySourceProperties = '{org.springframework.boot.test.context.SpringBootTestContextBootstrapper=true}', contextCustomizers = set[org.springframework.boot.test.context.SpringBootTestContextCustomizer@30f7f9da, org.springframework.boot.test.context.filter.ExcludeFilterContextCustomizer@2801c898, org.springframework.boot.test.json.DuplicateJsonObjectContextCustomizerFactory$DuplicateJsonObjectContextCustomizer@ad0f8fd, org.springframework.boot.test.mock.mockito.MockitoContextCustomizer@0, org.springframework.boot.test.autoconfigure.properties.PropertyMappingContextCustomizer@0, org.springframework.boot.test.autoconfigure.web.servlet.WebDriverContextCustomizerFactory$Customizer@d16927], resourceBasePath = 'src/main/webapp', contextLoader = 'org.springframework.boot.test.context.SpringBootContextLoader', parent = [null]]]; transaction manager [org.springframework.orm.jpa.JpaTransactionManager@4f7f7b5a]; rollback [true]
2018-02-01 15:36:35.857  INFO 7400 --- [    Test worker] o.s.t.c.transaction.TransactionContext   : Rolled back transaction for test context [DefaultTestContext@7cc67971 testClass = MotoTest, testInstance = co.ceiba.parking.parquedero.MotoTest@221eeef6, testMethod = BuscarTodosLosCarro@MotoTest, testException = [null], mergedContextConfiguration = [WebMergedContextConfiguration@bbc6aba testClass = MotoTest, locations = '{}', classes = '{class co.ceiba.parking.Main}', contextInitializerClasses = '[]', activeProfiles = '{}', propertySourceLocations = '{}', propertySourceProperties = '{org.springframework.boot.test.context.SpringBootTestContextBootstrapper=true}', contextCustomizers = set[org.springframework.boot.test.context.SpringBootTestContextCustomizer@30f7f9da, org.springframework.boot.test.context.filter.ExcludeFilterContextCustomizer@2801c898, org.springframework.boot.test.json.DuplicateJsonObjectContextCustomizerFactory$DuplicateJsonObjectContextCustomizer@ad0f8fd, org.springframework.boot.test.mock.mockito.MockitoContextCustomizer@0, org.springframework.boot.test.autoconfigure.properties.PropertyMappingContextCustomizer@0, org.springframework.boot.test.autoconfigure.web.servlet.WebDriverContextCustomizerFactory$Customizer@d16927], resourceBasePath = 'src/main/webapp', contextLoader = 'org.springframework.boot.test.context.SpringBootContextLoader', parent = [null]]].
2018-02-01 15:36:35.864  INFO 7400 --- [    Test worker] o.s.t.c.transaction.TransactionContext   : Began transaction (1) for test context [DefaultTestContext@7cc67971 testClass = MotoTest, testInstance = co.ceiba.parking.parquedero.MotoTest@7a0ed9fa, testMethod = BuscarCarroIdividual@MotoTest, testException = [null], mergedContextConfiguration = [WebMergedContextConfiguration@bbc6aba testClass = MotoTest, locations = '{}', classes = '{class co.ceiba.parking.Main}', contextInitializerClasses = '[]', activeProfiles = '{}', propertySourceLocations = '{}', propertySourceProperties = '{org.springframework.boot.test.context.SpringBootTestContextBootstrapper=true}', contextCustomizers = set[org.springframework.boot.test.context.SpringBootTestContextCustomizer@30f7f9da, org.springframework.boot.test.context.filter.ExcludeFilterContextCustomizer@2801c898, org.springframework.boot.test.json.DuplicateJsonObjectContextCustomizerFactory$DuplicateJsonObjectContextCustomizer@ad0f8fd, org.springframework.boot.test.mock.mockito.MockitoContextCustomizer@0, org.springframework.boot.test.autoconfigure.properties.PropertyMappingContextCustomizer@0, org.springframework.boot.test.autoconfigure.web.servlet.WebDriverContextCustomizerFactory$Customizer@d16927], resourceBasePath = 'src/main/webapp', contextLoader = 'org.springframework.boot.test.context.SpringBootContextLoader', parent = [null]]]; transaction manager [org.springframework.orm.jpa.JpaTransactionManager@4f7f7b5a]; rollback [true]
2018-02-01 15:36:35.871  INFO 7400 --- [    Test worker] o.s.t.c.transaction.TransactionContext   : Rolled back transaction for test context [DefaultTestContext@7cc67971 testClass = MotoTest, testInstance = co.ceiba.parking.parquedero.MotoTest@7a0ed9fa, testMethod = BuscarCarroIdividual@MotoTest, testException = [null], mergedContextConfiguration = [WebMergedContextConfiguration@bbc6aba testClass = MotoTest, locations = '{}', classes = '{class co.ceiba.parking.Main}', contextInitializerClasses = '[]', activeProfiles = '{}', propertySourceLocations = '{}', propertySourceProperties = '{org.springframework.boot.test.context.SpringBootTestContextBootstrapper=true}', contextCustomizers = set[org.springframework.boot.test.context.SpringBootTestContextCustomizer@30f7f9da, org.springframework.boot.test.context.filter.ExcludeFilterContextCustomizer@2801c898, org.springframework.boot.test.json.DuplicateJsonObjectContextCustomizerFactory$DuplicateJsonObjectContextCustomizer@ad0f8fd, org.springframework.boot.test.mock.mockito.MockitoContextCustomizer@0, org.springframework.boot.test.autoconfigure.properties.PropertyMappingContextCustomizer@0, org.springframework.boot.test.autoconfigure.web.servlet.WebDriverContextCustomizerFactory$Customizer@d16927], resourceBasePath = 'src/main/webapp', contextLoader = 'org.springframework.boot.test.context.SpringBootContextLoader', parent = [null]]].
2018-02-01 15:36:35.876  INFO 7400 --- [    Test worker] o.s.t.c.transaction.TransactionContext   : Began transaction (1) for test context [DefaultTestContext@7cc67971 testClass = MotoTest, testInstance = co.ceiba.parking.parquedero.MotoTest@4ef21c3e, testMethod = IngresoNoValidoPlacaIniciaPorLetraALosDomingosYLunesTest@MotoTest, testException = [null], mergedContextConfiguration = [WebMergedContextConfiguration@bbc6aba testClass = MotoTest, locations = '{}', classes = '{class co.ceiba.parking.Main}', contextInitializerClasses = '[]', activeProfiles = '{}', propertySourceLocations = '{}', propertySourceProperties = '{org.springframework.boot.test.context.SpringBootTestContextBootstrapper=true}', contextCustomizers = set[org.springframework.boot.test.context.SpringBootTestContextCustomizer@30f7f9da, org.springframework.boot.test.context.filter.ExcludeFilterContextCustomizer@2801c898, org.springframework.boot.test.json.DuplicateJsonObjectContextCustomizerFactory$DuplicateJsonObjectContextCustomizer@ad0f8fd, org.springframework.boot.test.mock.mockito.MockitoContextCustomizer@0, org.springframework.boot.test.autoconfigure.properties.PropertyMappingContextCustomizer@0, org.springframework.boot.test.autoconfigure.web.servlet.WebDriverContextCustomizerFactory$Customizer@d16927], resourceBasePath = 'src/main/webapp', contextLoader = 'org.springframework.boot.test.context.SpringBootContextLoader', parent = [null]]]; transaction manager [org.springframework.orm.jpa.JpaTransactionManager@4f7f7b5a]; rollback [true]
2018-02-01 15:36:35.886  INFO 7400 --- [    Test worker] o.s.t.c.transaction.TransactionContext   : Rolled back transaction for test context [DefaultTestContext@7cc67971 testClass = MotoTest, testInstance = co.ceiba.parking.parquedero.MotoTest@4ef21c3e, testMethod = IngresoNoValidoPlacaIniciaPorLetraALosDomingosYLunesTest@MotoTest, testException = [null], mergedContextConfiguration = [WebMergedContextConfiguration@bbc6aba testClass = MotoTest, locations = '{}', classes = '{class co.ceiba.parking.Main}', contextInitializerClasses = '[]', activeProfiles = '{}', propertySourceLocations = '{}', propertySourceProperties = '{org.springframework.boot.test.context.SpringBootTestContextBootstrapper=true}', contextCustomizers = set[org.springframework.boot.test.context.SpringBootTestContextCustomizer@30f7f9da, org.springframework.boot.test.context.filter.ExcludeFilterContextCustomizer@2801c898, org.springframework.boot.test.json.DuplicateJsonObjectContextCustomizerFactory$DuplicateJsonObjectContextCustomizer@ad0f8fd, org.springframework.boot.test.mock.mockito.MockitoContextCustomizer@0, org.springframework.boot.test.autoconfigure.properties.PropertyMappingContextCustomizer@0, org.springframework.boot.test.autoconfigure.web.servlet.WebDriverContextCustomizerFactory$Customizer@d16927], resourceBasePath = 'src/main/webapp', contextLoader = 'org.springframework.boot.test.context.SpringBootContextLoader', parent = [null]]].
2018-02-01 15:36:35.894  INFO 7400 --- [    Test worker] o.s.t.c.transaction.TransactionContext   : Began transaction (1) for test context [DefaultTestContext@7cc67971 testClass = MotoTest, testInstance = co.ceiba.parking.parquedero.MotoTest@279c076d, testMethod = ErrorModificaionIngresoPlacaInexistente@MotoTest, testException = [null], mergedContextConfiguration = [WebMergedContextConfiguration@bbc6aba testClass = MotoTest, locations = '{}', classes = '{class co.ceiba.parking.Main}', contextInitializerClasses = '[]', activeProfiles = '{}', propertySourceLocations = '{}', propertySourceProperties = '{org.springframework.boot.test.context.SpringBootTestContextBootstrapper=true}', contextCustomizers = set[org.springframework.boot.test.context.SpringBootTestContextCustomizer@30f7f9da, org.springframework.boot.test.context.filter.ExcludeFilterContextCustomizer@2801c898, org.springframework.boot.test.json.DuplicateJsonObjectContextCustomizerFactory$DuplicateJsonObjectContextCustomizer@ad0f8fd, org.springframework.boot.test.mock.mockito.MockitoContextCustomizer@0, org.springframework.boot.test.autoconfigure.properties.PropertyMappingContextCustomizer@0, org.springframework.boot.test.autoconfigure.web.servlet.WebDriverContextCustomizerFactory$Customizer@d16927], resourceBasePath = 'src/main/webapp', contextLoader = 'org.springframework.boot.test.context.SpringBootContextLoader', parent = [null]]]; transaction manager [org.springframework.orm.jpa.JpaTransactionManager@4f7f7b5a]; rollback [true]
2018-02-01 15:36:35.901  INFO 7400 --- [    Test worker] o.s.t.c.transaction.TransactionContext   : Rolled back transaction for test context [DefaultTestContext@7cc67971 testClass = MotoTest, testInstance = co.ceiba.parking.parquedero.MotoTest@279c076d, testMethod = ErrorModificaionIngresoPlacaInexistente@MotoTest, testException = [null], mergedContextConfiguration = [WebMergedContextConfiguration@bbc6aba testClass = MotoTest, locations = '{}', classes = '{class co.ceiba.parking.Main}', contextInitializerClasses = '[]', activeProfiles = '{}', propertySourceLocations = '{}', propertySourceProperties = '{org.springframework.boot.test.context.SpringBootTestContextBootstrapper=true}', contextCustomizers = set[org.springframework.boot.test.context.SpringBootTestContextCustomizer@30f7f9da, org.springframework.boot.test.context.filter.ExcludeFilterContextCustomizer@2801c898, org.springframework.boot.test.json.DuplicateJsonObjectContextCustomizerFactory$DuplicateJsonObjectContextCustomizer@ad0f8fd, org.springframework.boot.test.mock.mockito.MockitoContextCustomizer@0, org.springframework.boot.test.autoconfigure.properties.PropertyMappingContextCustomizer@0, org.springframework.boot.test.autoconfigure.web.servlet.WebDriverContextCustomizerFactory$Customizer@d16927], resourceBasePath = 'src/main/webapp', contextLoader = 'org.springframework.boot.test.context.SpringBootContextLoader', parent = [null]]].
]]></system-out>
  <system-err><![CDATA[]]></system-err>
</testsuite>
