<?xml version="1.0" encoding="UTF-8"?>
<testsuite name="co.ceiba.parking.parquedero.CryptoTest" tests="2" skipped="0" failures="0" errors="0" timestamp="2018-02-01T20:36:34" hostname="CESAR-VELASQUEZ" time="0.696">
  <properties/>
  <testcase name="EncriptarCorrectamente" classname="co.ceiba.parking.parquedero.CryptoTest" time="0.668"/>
  <testcase name="DesencriptarCorrectamente" classname="co.ceiba.parking.parquedero.CryptoTest" time="0.026"/>
  <system-out><![CDATA[2018-02-01 15:36:34.948  INFO 7400 --- [    Test worker] .b.t.c.SpringBootTestContextBootstrapper : Neither @ContextConfiguration nor @ContextHierarchy found for test class [co.ceiba.parking.parquedero.CryptoTest], using SpringBootContextLoader
2018-02-01 15:36:34.950  INFO 7400 --- [    Test worker] o.s.t.c.support.AbstractContextLoader    : Could not detect default resource locations for test class [co.ceiba.parking.parquedero.CryptoTest]: no resource found for suffixes {-context.xml, Context.groovy}.
2018-02-01 15:36:34.951  INFO 7400 --- [    Test worker] t.c.s.AnnotationConfigContextLoaderUtils : Could not detect default configuration classes for test class [co.ceiba.parking.parquedero.CryptoTest]: CryptoTest does not declare any static, non-private, non-final, nested classes annotated with @Configuration.
2018-02-01 15:36:34.957  INFO 7400 --- [    Test worker] .b.t.c.SpringBootTestContextBootstrapper : Found @SpringBootConfiguration co.ceiba.parking.Main for test class co.ceiba.parking.parquedero.CryptoTest
2018-02-01 15:36:34.963  INFO 7400 --- [    Test worker] .b.t.c.SpringBootTestContextBootstrapper : Loaded default TestExecutionListener class names from location [META-INF/spring.factories]: [org.springframework.boot.test.mock.mockito.MockitoTestExecutionListener, org.springframework.boot.test.mock.mockito.ResetMocksTestExecutionListener, org.springframework.boot.test.autoconfigure.restdocs.RestDocsTestExecutionListener, org.springframework.boot.test.autoconfigure.web.client.MockRestServiceServerResetTestExecutionListener, org.springframework.boot.test.autoconfigure.web.servlet.MockMvcPrintOnlyOnFailureTestExecutionListener, org.springframework.boot.test.autoconfigure.web.servlet.WebDriverTestExecutionListener, org.springframework.test.context.web.ServletTestExecutionListener, org.springframework.test.context.support.DirtiesContextBeforeModesTestExecutionListener, org.springframework.test.context.support.DependencyInjectionTestExecutionListener, org.springframework.test.context.support.DirtiesContextTestExecutionListener, org.springframework.test.context.transaction.TransactionalTestExecutionListener, org.springframework.test.context.jdbc.SqlScriptsTestExecutionListener]
2018-02-01 15:36:34.968  INFO 7400 --- [    Test worker] .b.t.c.SpringBootTestContextBootstrapper : Using TestExecutionListeners: [org.springframework.test.context.web.ServletTestExecutionListener@98d909, org.springframework.test.context.support.DirtiesContextBeforeModesTestExecutionListener@1d87fea4, org.springframework.boot.test.autoconfigure.SpringBootDependencyInjectionTestExecutionListener@17f8cb3c, org.springframework.test.context.support.DirtiesContextTestExecutionListener@49f4b887, org.springframework.test.context.transaction.TransactionalTestExecutionListener@fe26021, org.springframework.test.context.jdbc.SqlScriptsTestExecutionListener@2db2dda7, org.springframework.boot.test.mock.mockito.MockitoTestExecutionListener@7cc24206, org.springframework.boot.test.autoconfigure.web.servlet.MockMvcPrintOnlyOnFailureTestExecutionListener@109efd99, org.springframework.boot.test.autoconfigure.web.servlet.WebDriverTestExecutionListener@ce174c3, org.springframework.boot.test.autoconfigure.restdocs.RestDocsTestExecutionListener@3785df1d, org.springframework.boot.test.mock.mockito.ResetMocksTestExecutionListener@59396999, org.springframework.boot.test.autoconfigure.web.client.MockRestServiceServerResetTestExecutionListener@3eac3512]
]]></system-out>
  <system-err><![CDATA[]]></system-err>
</testsuite>
