<?xml version="1.0" encoding="UTF-8"?>
<testsuite name="co.ceiba.parking.parquedero.RegistroVehiculoTest" tests="5" skipped="0" failures="0" errors="0" timestamp="2018-02-01T20:36:36" hostname="CESAR-VELASQUEZ" time="0.083">
  <properties/>
  <testcase name="CalcularTotalParqueoMotoTest" classname="co.ceiba.parking.parquedero.RegistroVehiculoTest" time="0.014"/>
  <testcase name="ParqueaderoNoDisponibleParaCarros" classname="co.ceiba.parking.parquedero.RegistroVehiculoTest" time="0.013"/>
  <testcase name="CalcularTotalParqueoCarroTest" classname="co.ceiba.parking.parquedero.RegistroVehiculoTest" time="0.016"/>
  <testcase name="ParqueaderoNoDisponibleParaMotos" classname="co.ceiba.parking.parquedero.RegistroVehiculoTest" time="0.013"/>
  <testcase name="VehiculoEnParqueadero" classname="co.ceiba.parking.parquedero.RegistroVehiculoTest" time="0.01"/>
  <system-out><![CDATA[2018-02-01 15:36:35.911  INFO 7400 --- [    Test worker] .b.t.c.SpringBootTestContextBootstrapper : Neither @ContextConfiguration nor @ContextHierarchy found for test class [co.ceiba.parking.parquedero.RegistroVehiculoTest], using SpringBootContextLoader
2018-02-01 15:36:35.913  INFO 7400 --- [    Test worker] o.s.t.c.support.AbstractContextLoader    : Could not detect default resource locations for test class [co.ceiba.parking.parquedero.RegistroVehiculoTest]: no resource found for suffixes {-context.xml, Context.groovy}.
2018-02-01 15:36:35.913  INFO 7400 --- [    Test worker] t.c.s.AnnotationConfigContextLoaderUtils : Could not detect default configuration classes for test class [co.ceiba.parking.parquedero.RegistroVehiculoTest]: RegistroVehiculoTest does not declare any static, non-private, non-final, nested classes annotated with @Configuration.
2018-02-01 15:36:35.920  INFO 7400 --- [    Test worker] .b.t.c.SpringBootTestContextBootstrapper : Found @SpringBootConfiguration co.ceiba.parking.Main for test class co.ceiba.parking.parquedero.RegistroVehiculoTest
2018-02-01 15:36:35.927  INFO 7400 --- [    Test worker] .b.t.c.SpringBootTestContextBootstrapper : Loaded default TestExecutionListener class names from location [META-INF/spring.factories]: [org.springframework.boot.test.mock.mockito.MockitoTestExecutionListener, org.springframework.boot.test.mock.mockito.ResetMocksTestExecutionListener, org.springframework.boot.test.autoconfigure.restdocs.RestDocsTestExecutionListener, org.springframework.boot.test.autoconfigure.web.client.MockRestServiceServerResetTestExecutionListener, org.springframework.boot.test.autoconfigure.web.servlet.MockMvcPrintOnlyOnFailureTestExecutionListener, org.springframework.boot.test.autoconfigure.web.servlet.WebDriverTestExecutionListener, org.springframework.test.context.web.ServletTestExecutionListener, org.springframework.test.context.support.DirtiesContextBeforeModesTestExecutionListener, org.springframework.test.context.support.DependencyInjectionTestExecutionListener, org.springframework.test.context.support.DirtiesContextTestExecutionListener, org.springframework.test.context.transaction.TransactionalTestExecutionListener, org.springframework.test.context.jdbc.SqlScriptsTestExecutionListener]
2018-02-01 15:36:35.933  INFO 7400 --- [    Test worker] .b.t.c.SpringBootTestContextBootstrapper : Using TestExecutionListeners: [org.springframework.test.context.web.ServletTestExecutionListener@7302ab4c, org.springframework.test.context.support.DirtiesContextBeforeModesTestExecutionListener@78071d7a, org.springframework.boot.test.autoconfigure.SpringBootDependencyInjectionTestExecutionListener@40d8c242, org.springframework.test.context.support.DirtiesContextTestExecutionListener@38c9f4aa, org.springframework.test.context.transaction.TransactionalTestExecutionListener@5ef76034, org.springframework.test.context.jdbc.SqlScriptsTestExecutionListener@1edb4a5d, org.springframework.boot.test.mock.mockito.MockitoTestExecutionListener@18974116, org.springframework.boot.test.autoconfigure.web.servlet.MockMvcPrintOnlyOnFailureTestExecutionListener@6f8c8a0a, org.springframework.boot.test.autoconfigure.web.servlet.WebDriverTestExecutionListener@a9fb10f, org.springframework.boot.test.autoconfigure.restdocs.RestDocsTestExecutionListener@4e528ba3, org.springframework.boot.test.mock.mockito.ResetMocksTestExecutionListener@6c6ffc8e, org.springframework.boot.test.autoconfigure.web.client.MockRestServiceServerResetTestExecutionListener@67b8f7d3]
2018-02-01 15:36:36.008  INFO 7400 --- [    Test worker] o.s.t.c.transaction.TransactionContext   : Began transaction (1) for test context [DefaultTestContext@dc79308 testClass = RegistroVehiculoTest, testInstance = co.ceiba.parking.parquedero.RegistroVehiculoTest@4633dc93, testMethod = CalcularTotalParqueoMotoTest@RegistroVehiculoTest, testException = [null], mergedContextConfiguration = [WebMergedContextConfiguration@10d825e2 testClass = RegistroVehiculoTest, locations = '{}', classes = '{class co.ceiba.parking.Main}', contextInitializerClasses = '[]', activeProfiles = '{}', propertySourceLocations = '{}', propertySourceProperties = '{org.springframework.boot.test.context.SpringBootTestContextBootstrapper=true}', contextCustomizers = set[org.springframework.boot.test.context.SpringBootTestContextCustomizer@30f7f9da, org.springframework.boot.test.context.filter.ExcludeFilterContextCustomizer@2801c898, org.springframework.boot.test.json.DuplicateJsonObjectContextCustomizerFactory$DuplicateJsonObjectContextCustomizer@ad0f8fd, org.springframework.boot.test.mock.mockito.MockitoContextCustomizer@0, org.springframework.boot.test.autoconfigure.properties.PropertyMappingContextCustomizer@0, org.springframework.boot.test.autoconfigure.web.servlet.WebDriverContextCustomizerFactory$Customizer@d16927], resourceBasePath = 'src/main/webapp', contextLoader = 'org.springframework.boot.test.context.SpringBootContextLoader', parent = [null]]]; transaction manager [org.springframework.orm.jpa.JpaTransactionManager@4f7f7b5a]; rollback [true]
2018-02-01 15:36:36.020  INFO 7400 --- [    Test worker] o.s.t.c.transaction.TransactionContext   : Rolled back transaction for test context [DefaultTestContext@dc79308 testClass = RegistroVehiculoTest, testInstance = co.ceiba.parking.parquedero.RegistroVehiculoTest@4633dc93, testMethod = CalcularTotalParqueoMotoTest@RegistroVehiculoTest, testException = [null], mergedContextConfiguration = [WebMergedContextConfiguration@10d825e2 testClass = RegistroVehiculoTest, locations = '{}', classes = '{class co.ceiba.parking.Main}', contextInitializerClasses = '[]', activeProfiles = '{}', propertySourceLocations = '{}', propertySourceProperties = '{org.springframework.boot.test.context.SpringBootTestContextBootstrapper=true}', contextCustomizers = set[org.springframework.boot.test.context.SpringBootTestContextCustomizer@30f7f9da, org.springframework.boot.test.context.filter.ExcludeFilterContextCustomizer@2801c898, org.springframework.boot.test.json.DuplicateJsonObjectContextCustomizerFactory$DuplicateJsonObjectContextCustomizer@ad0f8fd, org.springframework.boot.test.mock.mockito.MockitoContextCustomizer@0, org.springframework.boot.test.autoconfigure.properties.PropertyMappingContextCustomizer@0, org.springframework.boot.test.autoconfigure.web.servlet.WebDriverContextCustomizerFactory$Customizer@d16927], resourceBasePath = 'src/main/webapp', contextLoader = 'org.springframework.boot.test.context.SpringBootContextLoader', parent = [null]]].
2018-02-01 15:36:36.026  INFO 7400 --- [    Test worker] o.s.t.c.transaction.TransactionContext   : Began transaction (1) for test context [DefaultTestContext@dc79308 testClass = RegistroVehiculoTest, testInstance = co.ceiba.parking.parquedero.RegistroVehiculoTest@7670a2b7, testMethod = ParqueaderoNoDisponibleParaCarros@RegistroVehiculoTest, testException = [null], mergedContextConfiguration = [WebMergedContextConfiguration@10d825e2 testClass = RegistroVehiculoTest, locations = '{}', classes = '{class co.ceiba.parking.Main}', contextInitializerClasses = '[]', activeProfiles = '{}', propertySourceLocations = '{}', propertySourceProperties = '{org.springframework.boot.test.context.SpringBootTestContextBootstrapper=true}', contextCustomizers = set[org.springframework.boot.test.context.SpringBootTestContextCustomizer@30f7f9da, org.springframework.boot.test.context.filter.ExcludeFilterContextCustomizer@2801c898, org.springframework.boot.test.json.DuplicateJsonObjectContextCustomizerFactory$DuplicateJsonObjectContextCustomizer@ad0f8fd, org.springframework.boot.test.mock.mockito.MockitoContextCustomizer@0, org.springframework.boot.test.autoconfigure.properties.PropertyMappingContextCustomizer@0, org.springframework.boot.test.autoconfigure.web.servlet.WebDriverContextCustomizerFactory$Customizer@d16927], resourceBasePath = 'src/main/webapp', contextLoader = 'org.springframework.boot.test.context.SpringBootContextLoader', parent = [null]]]; transaction manager [org.springframework.orm.jpa.JpaTransactionManager@4f7f7b5a]; rollback [true]
2018-02-01 15:36:36.036  INFO 7400 --- [    Test worker] o.s.t.c.transaction.TransactionContext   : Rolled back transaction for test context [DefaultTestContext@dc79308 testClass = RegistroVehiculoTest, testInstance = co.ceiba.parking.parquedero.RegistroVehiculoTest@7670a2b7, testMethod = ParqueaderoNoDisponibleParaCarros@RegistroVehiculoTest, testException = [null], mergedContextConfiguration = [WebMergedContextConfiguration@10d825e2 testClass = RegistroVehiculoTest, locations = '{}', classes = '{class co.ceiba.parking.Main}', contextInitializerClasses = '[]', activeProfiles = '{}', propertySourceLocations = '{}', propertySourceProperties = '{org.springframework.boot.test.context.SpringBootTestContextBootstrapper=true}', contextCustomizers = set[org.springframework.boot.test.context.SpringBootTestContextCustomizer@30f7f9da, org.springframework.boot.test.context.filter.ExcludeFilterContextCustomizer@2801c898, org.springframework.boot.test.json.DuplicateJsonObjectContextCustomizerFactory$DuplicateJsonObjectContextCustomizer@ad0f8fd, org.springframework.boot.test.mock.mockito.MockitoContextCustomizer@0, org.springframework.boot.test.autoconfigure.properties.PropertyMappingContextCustomizer@0, org.springframework.boot.test.autoconfigure.web.servlet.WebDriverContextCustomizerFactory$Customizer@d16927], resourceBasePath = 'src/main/webapp', contextLoader = 'org.springframework.boot.test.context.SpringBootContextLoader', parent = [null]]].
2018-02-01 15:36:36.047  INFO 7400 --- [    Test worker] o.s.t.c.transaction.TransactionContext   : Began transaction (1) for test context [DefaultTestContext@dc79308 testClass = RegistroVehiculoTest, testInstance = co.ceiba.parking.parquedero.RegistroVehiculoTest@49c4f8b5, testMethod = CalcularTotalParqueoCarroTest@RegistroVehiculoTest, testException = [null], mergedContextConfiguration = [WebMergedContextConfiguration@10d825e2 testClass = RegistroVehiculoTest, locations = '{}', classes = '{class co.ceiba.parking.Main}', contextInitializerClasses = '[]', activeProfiles = '{}', propertySourceLocations = '{}', propertySourceProperties = '{org.springframework.boot.test.context.SpringBootTestContextBootstrapper=true}', contextCustomizers = set[org.springframework.boot.test.context.SpringBootTestContextCustomizer@30f7f9da, org.springframework.boot.test.context.filter.ExcludeFilterContextCustomizer@2801c898, org.springframework.boot.test.json.DuplicateJsonObjectContextCustomizerFactory$DuplicateJsonObjectContextCustomizer@ad0f8fd, org.springframework.boot.test.mock.mockito.MockitoContextCustomizer@0, org.springframework.boot.test.autoconfigure.properties.PropertyMappingContextCustomizer@0, org.springframework.boot.test.autoconfigure.web.servlet.WebDriverContextCustomizerFactory$Customizer@d16927], resourceBasePath = 'src/main/webapp', contextLoader = 'org.springframework.boot.test.context.SpringBootContextLoader', parent = [null]]]; transaction manager [org.springframework.orm.jpa.JpaTransactionManager@4f7f7b5a]; rollback [true]
2018-02-01 15:36:36.057  INFO 7400 --- [    Test worker] o.s.t.c.transaction.TransactionContext   : Rolled back transaction for test context [DefaultTestContext@dc79308 testClass = RegistroVehiculoTest, testInstance = co.ceiba.parking.parquedero.RegistroVehiculoTest@49c4f8b5, testMethod = CalcularTotalParqueoCarroTest@RegistroVehiculoTest, testException = [null], mergedContextConfiguration = [WebMergedContextConfiguration@10d825e2 testClass = RegistroVehiculoTest, locations = '{}', classes = '{class co.ceiba.parking.Main}', contextInitializerClasses = '[]', activeProfiles = '{}', propertySourceLocations = '{}', propertySourceProperties = '{org.springframework.boot.test.context.SpringBootTestContextBootstrapper=true}', contextCustomizers = set[org.springframework.boot.test.context.SpringBootTestContextCustomizer@30f7f9da, org.springframework.boot.test.context.filter.ExcludeFilterContextCustomizer@2801c898, org.springframework.boot.test.json.DuplicateJsonObjectContextCustomizerFactory$DuplicateJsonObjectContextCustomizer@ad0f8fd, org.springframework.boot.test.mock.mockito.MockitoContextCustomizer@0, org.springframework.boot.test.autoconfigure.properties.PropertyMappingContextCustomizer@0, org.springframework.boot.test.autoconfigure.web.servlet.WebDriverContextCustomizerFactory$Customizer@d16927], resourceBasePath = 'src/main/webapp', contextLoader = 'org.springframework.boot.test.context.SpringBootContextLoader', parent = [null]]].
2018-02-01 15:36:36.066  INFO 7400 --- [    Test worker] o.s.t.c.transaction.TransactionContext   : Began transaction (1) for test context [DefaultTestContext@dc79308 testClass = RegistroVehiculoTest, testInstance = co.ceiba.parking.parquedero.RegistroVehiculoTest@6c25d51, testMethod = ParqueaderoNoDisponibleParaMotos@RegistroVehiculoTest, testException = [null], mergedContextConfiguration = [WebMergedContextConfiguration@10d825e2 testClass = RegistroVehiculoTest, locations = '{}', classes = '{class co.ceiba.parking.Main}', contextInitializerClasses = '[]', activeProfiles = '{}', propertySourceLocations = '{}', propertySourceProperties = '{org.springframework.boot.test.context.SpringBootTestContextBootstrapper=true}', contextCustomizers = set[org.springframework.boot.test.context.SpringBootTestContextCustomizer@30f7f9da, org.springframework.boot.test.context.filter.ExcludeFilterContextCustomizer@2801c898, org.springframework.boot.test.json.DuplicateJsonObjectContextCustomizerFactory$DuplicateJsonObjectContextCustomizer@ad0f8fd, org.springframework.boot.test.mock.mockito.MockitoContextCustomizer@0, org.springframework.boot.test.autoconfigure.properties.PropertyMappingContextCustomizer@0, org.springframework.boot.test.autoconfigure.web.servlet.WebDriverContextCustomizerFactory$Customizer@d16927], resourceBasePath = 'src/main/webapp', contextLoader = 'org.springframework.boot.test.context.SpringBootContextLoader', parent = [null]]]; transaction manager [org.springframework.orm.jpa.JpaTransactionManager@4f7f7b5a]; rollback [true]
2018-02-01 15:36:36.074  INFO 7400 --- [    Test worker] o.s.t.c.transaction.TransactionContext   : Rolled back transaction for test context [DefaultTestContext@dc79308 testClass = RegistroVehiculoTest, testInstance = co.ceiba.parking.parquedero.RegistroVehiculoTest@6c25d51, testMethod = ParqueaderoNoDisponibleParaMotos@RegistroVehiculoTest, testException = [null], mergedContextConfiguration = [WebMergedContextConfiguration@10d825e2 testClass = RegistroVehiculoTest, locations = '{}', classes = '{class co.ceiba.parking.Main}', contextInitializerClasses = '[]', activeProfiles = '{}', propertySourceLocations = '{}', propertySourceProperties = '{org.springframework.boot.test.context.SpringBootTestContextBootstrapper=true}', contextCustomizers = set[org.springframework.boot.test.context.SpringBootTestContextCustomizer@30f7f9da, org.springframework.boot.test.context.filter.ExcludeFilterContextCustomizer@2801c898, org.springframework.boot.test.json.DuplicateJsonObjectContextCustomizerFactory$DuplicateJsonObjectContextCustomizer@ad0f8fd, org.springframework.boot.test.mock.mockito.MockitoContextCustomizer@0, org.springframework.boot.test.autoconfigure.properties.PropertyMappingContextCustomizer@0, org.springframework.boot.test.autoconfigure.web.servlet.WebDriverContextCustomizerFactory$Customizer@d16927], resourceBasePath = 'src/main/webapp', contextLoader = 'org.springframework.boot.test.context.SpringBootContextLoader', parent = [null]]].
2018-02-01 15:36:36.081  INFO 7400 --- [    Test worker] o.s.t.c.transaction.TransactionContext   : Began transaction (1) for test context [DefaultTestContext@dc79308 testClass = RegistroVehiculoTest, testInstance = co.ceiba.parking.parquedero.RegistroVehiculoTest@4da69f42, testMethod = VehiculoEnParqueadero@RegistroVehiculoTest, testException = [null], mergedContextConfiguration = [WebMergedContextConfiguration@10d825e2 testClass = RegistroVehiculoTest, locations = '{}', classes = '{class co.ceiba.parking.Main}', contextInitializerClasses = '[]', activeProfiles = '{}', propertySourceLocations = '{}', propertySourceProperties = '{org.springframework.boot.test.context.SpringBootTestContextBootstrapper=true}', contextCustomizers = set[org.springframework.boot.test.context.SpringBootTestContextCustomizer@30f7f9da, org.springframework.boot.test.context.filter.ExcludeFilterContextCustomizer@2801c898, org.springframework.boot.test.json.DuplicateJsonObjectContextCustomizerFactory$DuplicateJsonObjectContextCustomizer@ad0f8fd, org.springframework.boot.test.mock.mockito.MockitoContextCustomizer@0, org.springframework.boot.test.autoconfigure.properties.PropertyMappingContextCustomizer@0, org.springframework.boot.test.autoconfigure.web.servlet.WebDriverContextCustomizerFactory$Customizer@d16927], resourceBasePath = 'src/main/webapp', contextLoader = 'org.springframework.boot.test.context.SpringBootContextLoader', parent = [null]]]; transaction manager [org.springframework.orm.jpa.JpaTransactionManager@4f7f7b5a]; rollback [true]
2018-02-01 15:36:36.088  INFO 7400 --- [    Test worker] o.s.t.c.transaction.TransactionContext   : Rolled back transaction for test context [DefaultTestContext@dc79308 testClass = RegistroVehiculoTest, testInstance = co.ceiba.parking.parquedero.RegistroVehiculoTest@4da69f42, testMethod = VehiculoEnParqueadero@RegistroVehiculoTest, testException = [null], mergedContextConfiguration = [WebMergedContextConfiguration@10d825e2 testClass = RegistroVehiculoTest, locations = '{}', classes = '{class co.ceiba.parking.Main}', contextInitializerClasses = '[]', activeProfiles = '{}', propertySourceLocations = '{}', propertySourceProperties = '{org.springframework.boot.test.context.SpringBootTestContextBootstrapper=true}', contextCustomizers = set[org.springframework.boot.test.context.SpringBootTestContextCustomizer@30f7f9da, org.springframework.boot.test.context.filter.ExcludeFilterContextCustomizer@2801c898, org.springframework.boot.test.json.DuplicateJsonObjectContextCustomizerFactory$DuplicateJsonObjectContextCustomizer@ad0f8fd, org.springframework.boot.test.mock.mockito.MockitoContextCustomizer@0, org.springframework.boot.test.autoconfigure.properties.PropertyMappingContextCustomizer@0, org.springframework.boot.test.autoconfigure.web.servlet.WebDriverContextCustomizerFactory$Customizer@d16927], resourceBasePath = 'src/main/webapp', contextLoader = 'org.springframework.boot.test.context.SpringBootContextLoader', parent = [null]]].
]]></system-out>
  <system-err><![CDATA[]]></system-err>
</testsuite>
