<?xml version="1.0" encoding="UTF-8"?>
<testsuite name="co.ceiba.parking.parquedero.UsuarioTest" tests="6" skipped="0" failures="0" errors="0" timestamp="2018-02-01T20:36:36" hostname="CESAR-VELASQUEZ" time="0.122">
  <properties/>
  <testcase name="LoginExitoso" classname="co.ceiba.parking.parquedero.UsuarioTest" time="0.015"/>
  <testcase name="validacionTokenExitosaDentroDelTiempoLimite" classname="co.ceiba.parking.parquedero.UsuarioTest" time="0.021"/>
  <testcase name="LoginFallido" classname="co.ceiba.parking.parquedero.UsuarioTest" time="0.011"/>
  <testcase name="BuscarUsuarioIdividual" classname="co.ceiba.parking.parquedero.UsuarioTest" time="0.011"/>
  <testcase name="BuscarTodosLosUsuarios" classname="co.ceiba.parking.parquedero.UsuarioTest" time="0.024"/>
  <testcase name="validacionTokenExitosaTiempoAgotado" classname="co.ceiba.parking.parquedero.UsuarioTest" time="0.011"/>
  <system-out><![CDATA[2018-02-01 15:36:36.094  INFO 7400 --- [    Test worker] .b.t.c.SpringBootTestContextBootstrapper : Neither @ContextConfiguration nor @ContextHierarchy found for test class [co.ceiba.parking.parquedero.UsuarioTest], using SpringBootContextLoader
2018-02-01 15:36:36.096  INFO 7400 --- [    Test worker] o.s.t.c.support.AbstractContextLoader    : Could not detect default resource locations for test class [co.ceiba.parking.parquedero.UsuarioTest]: no resource found for suffixes {-context.xml, Context.groovy}.
2018-02-01 15:36:36.097  INFO 7400 --- [    Test worker] t.c.s.AnnotationConfigContextLoaderUtils : Could not detect default configuration classes for test class [co.ceiba.parking.parquedero.UsuarioTest]: UsuarioTest does not declare any static, non-private, non-final, nested classes annotated with @Configuration.
2018-02-01 15:36:36.112  INFO 7400 --- [    Test worker] .b.t.c.SpringBootTestContextBootstrapper : Found @SpringBootConfiguration co.ceiba.parking.Main for test class co.ceiba.parking.parquedero.UsuarioTest
2018-02-01 15:36:36.122  INFO 7400 --- [    Test worker] .b.t.c.SpringBootTestContextBootstrapper : Loaded default TestExecutionListener class names from location [META-INF/spring.factories]: [org.springframework.boot.test.mock.mockito.MockitoTestExecutionListener, org.springframework.boot.test.mock.mockito.ResetMocksTestExecutionListener, org.springframework.boot.test.autoconfigure.restdocs.RestDocsTestExecutionListener, org.springframework.boot.test.autoconfigure.web.client.MockRestServiceServerResetTestExecutionListener, org.springframework.boot.test.autoconfigure.web.servlet.MockMvcPrintOnlyOnFailureTestExecutionListener, org.springframework.boot.test.autoconfigure.web.servlet.WebDriverTestExecutionListener, org.springframework.test.context.web.ServletTestExecutionListener, org.springframework.test.context.support.DirtiesContextBeforeModesTestExecutionListener, org.springframework.test.context.support.DependencyInjectionTestExecutionListener, org.springframework.test.context.support.DirtiesContextTestExecutionListener, org.springframework.test.context.transaction.TransactionalTestExecutionListener, org.springframework.test.context.jdbc.SqlScriptsTestExecutionListener]
2018-02-01 15:36:36.129  INFO 7400 --- [    Test worker] .b.t.c.SpringBootTestContextBootstrapper : Using TestExecutionListeners: [org.springframework.test.context.web.ServletTestExecutionListener@5b20a947, org.springframework.test.context.support.DirtiesContextBeforeModesTestExecutionListener@4253d18b, org.springframework.boot.test.autoconfigure.SpringBootDependencyInjectionTestExecutionListener@142d1e7, org.springframework.test.context.support.DirtiesContextTestExecutionListener@7f97288e, org.springframework.test.context.transaction.TransactionalTestExecutionListener@21a3dcaa, org.springframework.test.context.jdbc.SqlScriptsTestExecutionListener@7d208e9c, org.springframework.boot.test.mock.mockito.MockitoTestExecutionListener@6afaa536, org.springframework.boot.test.autoconfigure.web.servlet.MockMvcPrintOnlyOnFailureTestExecutionListener@2cef23bf, org.springframework.boot.test.autoconfigure.web.servlet.WebDriverTestExecutionListener@1396fc04, org.springframework.boot.test.autoconfigure.restdocs.RestDocsTestExecutionListener@6abbd484, org.springframework.boot.test.mock.mockito.ResetMocksTestExecutionListener@55d70ff0, org.springframework.boot.test.autoconfigure.web.client.MockRestServiceServerResetTestExecutionListener@f02c2e]
2018-02-01 15:36:36.235  INFO 7400 --- [    Test worker] o.s.t.c.transaction.TransactionContext   : Began transaction (1) for test context [DefaultTestContext@2ae27e25 testClass = UsuarioTest, testInstance = co.ceiba.parking.parquedero.UsuarioTest@65b3d484, testMethod = LoginExitoso@UsuarioTest, testException = [null], mergedContextConfiguration = [WebMergedContextConfiguration@24a296e8 testClass = UsuarioTest, locations = '{}', classes = '{class co.ceiba.parking.Main}', contextInitializerClasses = '[]', activeProfiles = '{}', propertySourceLocations = '{}', propertySourceProperties = '{org.springframework.boot.test.context.SpringBootTestContextBootstrapper=true}', contextCustomizers = set[org.springframework.boot.test.context.SpringBootTestContextCustomizer@30f7f9da, org.springframework.boot.test.context.filter.ExcludeFilterContextCustomizer@2801c898, org.springframework.boot.test.json.DuplicateJsonObjectContextCustomizerFactory$DuplicateJsonObjectContextCustomizer@ad0f8fd, org.springframework.boot.test.mock.mockito.MockitoContextCustomizer@0, org.springframework.boot.test.autoconfigure.properties.PropertyMappingContextCustomizer@0, org.springframework.boot.test.autoconfigure.web.servlet.WebDriverContextCustomizerFactory$Customizer@d16927], resourceBasePath = 'src/main/webapp', contextLoader = 'org.springframework.boot.test.context.SpringBootContextLoader', parent = [null]]]; transaction manager [org.springframework.orm.jpa.JpaTransactionManager@4f7f7b5a]; rollback [true]
2018-02-01 15:36:36.245  INFO 7400 --- [    Test worker] o.s.t.c.transaction.TransactionContext   : Rolled back transaction for test context [DefaultTestContext@2ae27e25 testClass = UsuarioTest, testInstance = co.ceiba.parking.parquedero.UsuarioTest@65b3d484, testMethod = LoginExitoso@UsuarioTest, testException = [null], mergedContextConfiguration = [WebMergedContextConfiguration@24a296e8 testClass = UsuarioTest, locations = '{}', classes = '{class co.ceiba.parking.Main}', contextInitializerClasses = '[]', activeProfiles = '{}', propertySourceLocations = '{}', propertySourceProperties = '{org.springframework.boot.test.context.SpringBootTestContextBootstrapper=true}', contextCustomizers = set[org.springframework.boot.test.context.SpringBootTestContextCustomizer@30f7f9da, org.springframework.boot.test.context.filter.ExcludeFilterContextCustomizer@2801c898, org.springframework.boot.test.json.DuplicateJsonObjectContextCustomizerFactory$DuplicateJsonObjectContextCustomizer@ad0f8fd, org.springframework.boot.test.mock.mockito.MockitoContextCustomizer@0, org.springframework.boot.test.autoconfigure.properties.PropertyMappingContextCustomizer@0, org.springframework.boot.test.autoconfigure.web.servlet.WebDriverContextCustomizerFactory$Customizer@d16927], resourceBasePath = 'src/main/webapp', contextLoader = 'org.springframework.boot.test.context.SpringBootContextLoader', parent = [null]]].
2018-02-01 15:36:36.259  INFO 7400 --- [    Test worker] o.s.t.c.transaction.TransactionContext   : Began transaction (1) for test context [DefaultTestContext@2ae27e25 testClass = UsuarioTest, testInstance = co.ceiba.parking.parquedero.UsuarioTest@63feb852, testMethod = validacionTokenExitosaDentroDelTiempoLimite@UsuarioTest, testException = [null], mergedContextConfiguration = [WebMergedContextConfiguration@24a296e8 testClass = UsuarioTest, locations = '{}', classes = '{class co.ceiba.parking.Main}', contextInitializerClasses = '[]', activeProfiles = '{}', propertySourceLocations = '{}', propertySourceProperties = '{org.springframework.boot.test.context.SpringBootTestContextBootstrapper=true}', contextCustomizers = set[org.springframework.boot.test.context.SpringBootTestContextCustomizer@30f7f9da, org.springframework.boot.test.context.filter.ExcludeFilterContextCustomizer@2801c898, org.springframework.boot.test.json.DuplicateJsonObjectContextCustomizerFactory$DuplicateJsonObjectContextCustomizer@ad0f8fd, org.springframework.boot.test.mock.mockito.MockitoContextCustomizer@0, org.springframework.boot.test.autoconfigure.properties.PropertyMappingContextCustomizer@0, org.springframework.boot.test.autoconfigure.web.servlet.WebDriverContextCustomizerFactory$Customizer@d16927], resourceBasePath = 'src/main/webapp', contextLoader = 'org.springframework.boot.test.context.SpringBootContextLoader', parent = [null]]]; transaction manager [org.springframework.orm.jpa.JpaTransactionManager@4f7f7b5a]; rollback [true]
2018-02-01 15:36:36.272  INFO 7400 --- [    Test worker] o.s.t.c.transaction.TransactionContext   : Rolled back transaction for test context [DefaultTestContext@2ae27e25 testClass = UsuarioTest, testInstance = co.ceiba.parking.parquedero.UsuarioTest@63feb852, testMethod = validacionTokenExitosaDentroDelTiempoLimite@UsuarioTest, testException = [null], mergedContextConfiguration = [WebMergedContextConfiguration@24a296e8 testClass = UsuarioTest, locations = '{}', classes = '{class co.ceiba.parking.Main}', contextInitializerClasses = '[]', activeProfiles = '{}', propertySourceLocations = '{}', propertySourceProperties = '{org.springframework.boot.test.context.SpringBootTestContextBootstrapper=true}', contextCustomizers = set[org.springframework.boot.test.context.SpringBootTestContextCustomizer@30f7f9da, org.springframework.boot.test.context.filter.ExcludeFilterContextCustomizer@2801c898, org.springframework.boot.test.json.DuplicateJsonObjectContextCustomizerFactory$DuplicateJsonObjectContextCustomizer@ad0f8fd, org.springframework.boot.test.mock.mockito.MockitoContextCustomizer@0, org.springframework.boot.test.autoconfigure.properties.PropertyMappingContextCustomizer@0, org.springframework.boot.test.autoconfigure.web.servlet.WebDriverContextCustomizerFactory$Customizer@d16927], resourceBasePath = 'src/main/webapp', contextLoader = 'org.springframework.boot.test.context.SpringBootContextLoader', parent = [null]]].
2018-02-01 15:36:36.285  INFO 7400 --- [    Test worker] o.s.t.c.transaction.TransactionContext   : Began transaction (1) for test context [DefaultTestContext@2ae27e25 testClass = UsuarioTest, testInstance = co.ceiba.parking.parquedero.UsuarioTest@21380964, testMethod = LoginFallido@UsuarioTest, testException = [null], mergedContextConfiguration = [WebMergedContextConfiguration@24a296e8 testClass = UsuarioTest, locations = '{}', classes = '{class co.ceiba.parking.Main}', contextInitializerClasses = '[]', activeProfiles = '{}', propertySourceLocations = '{}', propertySourceProperties = '{org.springframework.boot.test.context.SpringBootTestContextBootstrapper=true}', contextCustomizers = set[org.springframework.boot.test.context.SpringBootTestContextCustomizer@30f7f9da, org.springframework.boot.test.context.filter.ExcludeFilterContextCustomizer@2801c898, org.springframework.boot.test.json.DuplicateJsonObjectContextCustomizerFactory$DuplicateJsonObjectContextCustomizer@ad0f8fd, org.springframework.boot.test.mock.mockito.MockitoContextCustomizer@0, org.springframework.boot.test.autoconfigure.properties.PropertyMappingContextCustomizer@0, org.springframework.boot.test.autoconfigure.web.servlet.WebDriverContextCustomizerFactory$Customizer@d16927], resourceBasePath = 'src/main/webapp', contextLoader = 'org.springframework.boot.test.context.SpringBootContextLoader', parent = [null]]]; transaction manager [org.springframework.orm.jpa.JpaTransactionManager@4f7f7b5a]; rollback [true]
Test: 
2018-02-01 15:36:36.293  INFO 7400 --- [    Test worker] o.s.t.c.transaction.TransactionContext   : Rolled back transaction for test context [DefaultTestContext@2ae27e25 testClass = UsuarioTest, testInstance = co.ceiba.parking.parquedero.UsuarioTest@21380964, testMethod = LoginFallido@UsuarioTest, testException = [null], mergedContextConfiguration = [WebMergedContextConfiguration@24a296e8 testClass = UsuarioTest, locations = '{}', classes = '{class co.ceiba.parking.Main}', contextInitializerClasses = '[]', activeProfiles = '{}', propertySourceLocations = '{}', propertySourceProperties = '{org.springframework.boot.test.context.SpringBootTestContextBootstrapper=true}', contextCustomizers = set[org.springframework.boot.test.context.SpringBootTestContextCustomizer@30f7f9da, org.springframework.boot.test.context.filter.ExcludeFilterContextCustomizer@2801c898, org.springframework.boot.test.json.DuplicateJsonObjectContextCustomizerFactory$DuplicateJsonObjectContextCustomizer@ad0f8fd, org.springframework.boot.test.mock.mockito.MockitoContextCustomizer@0, org.springframework.boot.test.autoconfigure.properties.PropertyMappingContextCustomizer@0, org.springframework.boot.test.autoconfigure.web.servlet.WebDriverContextCustomizerFactory$Customizer@d16927], resourceBasePath = 'src/main/webapp', contextLoader = 'org.springframework.boot.test.context.SpringBootContextLoader', parent = [null]]].
2018-02-01 15:36:36.301  INFO 7400 --- [    Test worker] o.s.t.c.transaction.TransactionContext   : Began transaction (1) for test context [DefaultTestContext@2ae27e25 testClass = UsuarioTest, testInstance = co.ceiba.parking.parquedero.UsuarioTest@b57bea8, testMethod = BuscarUsuarioIdividual@UsuarioTest, testException = [null], mergedContextConfiguration = [WebMergedContextConfiguration@24a296e8 testClass = UsuarioTest, locations = '{}', classes = '{class co.ceiba.parking.Main}', contextInitializerClasses = '[]', activeProfiles = '{}', propertySourceLocations = '{}', propertySourceProperties = '{org.springframework.boot.test.context.SpringBootTestContextBootstrapper=true}', contextCustomizers = set[org.springframework.boot.test.context.SpringBootTestContextCustomizer@30f7f9da, org.springframework.boot.test.context.filter.ExcludeFilterContextCustomizer@2801c898, org.springframework.boot.test.json.DuplicateJsonObjectContextCustomizerFactory$DuplicateJsonObjectContextCustomizer@ad0f8fd, org.springframework.boot.test.mock.mockito.MockitoContextCustomizer@0, org.springframework.boot.test.autoconfigure.properties.PropertyMappingContextCustomizer@0, org.springframework.boot.test.autoconfigure.web.servlet.WebDriverContextCustomizerFactory$Customizer@d16927], resourceBasePath = 'src/main/webapp', contextLoader = 'org.springframework.boot.test.context.SpringBootContextLoader', parent = [null]]]; transaction manager [org.springframework.orm.jpa.JpaTransactionManager@4f7f7b5a]; rollback [true]
2018-02-01 15:36:36.308  INFO 7400 --- [    Test worker] o.s.t.c.transaction.TransactionContext   : Rolled back transaction for test context [DefaultTestContext@2ae27e25 testClass = UsuarioTest, testInstance = co.ceiba.parking.parquedero.UsuarioTest@b57bea8, testMethod = BuscarUsuarioIdividual@UsuarioTest, testException = [null], mergedContextConfiguration = [WebMergedContextConfiguration@24a296e8 testClass = UsuarioTest, locations = '{}', classes = '{class co.ceiba.parking.Main}', contextInitializerClasses = '[]', activeProfiles = '{}', propertySourceLocations = '{}', propertySourceProperties = '{org.springframework.boot.test.context.SpringBootTestContextBootstrapper=true}', contextCustomizers = set[org.springframework.boot.test.context.SpringBootTestContextCustomizer@30f7f9da, org.springframework.boot.test.context.filter.ExcludeFilterContextCustomizer@2801c898, org.springframework.boot.test.json.DuplicateJsonObjectContextCustomizerFactory$DuplicateJsonObjectContextCustomizer@ad0f8fd, org.springframework.boot.test.mock.mockito.MockitoContextCustomizer@0, org.springframework.boot.test.autoconfigure.properties.PropertyMappingContextCustomizer@0, org.springframework.boot.test.autoconfigure.web.servlet.WebDriverContextCustomizerFactory$Customizer@d16927], resourceBasePath = 'src/main/webapp', contextLoader = 'org.springframework.boot.test.context.SpringBootContextLoader', parent = [null]]].
2018-02-01 15:36:36.325  INFO 7400 --- [    Test worker] o.s.t.c.transaction.TransactionContext   : Began transaction (1) for test context [DefaultTestContext@2ae27e25 testClass = UsuarioTest, testInstance = co.ceiba.parking.parquedero.UsuarioTest@1766b41e, testMethod = BuscarTodosLosUsuarios@UsuarioTest, testException = [null], mergedContextConfiguration = [WebMergedContextConfiguration@24a296e8 testClass = UsuarioTest, locations = '{}', classes = '{class co.ceiba.parking.Main}', contextInitializerClasses = '[]', activeProfiles = '{}', propertySourceLocations = '{}', propertySourceProperties = '{org.springframework.boot.test.context.SpringBootTestContextBootstrapper=true}', contextCustomizers = set[org.springframework.boot.test.context.SpringBootTestContextCustomizer@30f7f9da, org.springframework.boot.test.context.filter.ExcludeFilterContextCustomizer@2801c898, org.springframework.boot.test.json.DuplicateJsonObjectContextCustomizerFactory$DuplicateJsonObjectContextCustomizer@ad0f8fd, org.springframework.boot.test.mock.mockito.MockitoContextCustomizer@0, org.springframework.boot.test.autoconfigure.properties.PropertyMappingContextCustomizer@0, org.springframework.boot.test.autoconfigure.web.servlet.WebDriverContextCustomizerFactory$Customizer@d16927], resourceBasePath = 'src/main/webapp', contextLoader = 'org.springframework.boot.test.context.SpringBootContextLoader', parent = [null]]]; transaction manager [org.springframework.orm.jpa.JpaTransactionManager@4f7f7b5a]; rollback [true]
2018-02-01 15:36:36.334  INFO 7400 --- [    Test worker] o.s.t.c.transaction.TransactionContext   : Rolled back transaction for test context [DefaultTestContext@2ae27e25 testClass = UsuarioTest, testInstance = co.ceiba.parking.parquedero.UsuarioTest@1766b41e, testMethod = BuscarTodosLosUsuarios@UsuarioTest, testException = [null], mergedContextConfiguration = [WebMergedContextConfiguration@24a296e8 testClass = UsuarioTest, locations = '{}', classes = '{class co.ceiba.parking.Main}', contextInitializerClasses = '[]', activeProfiles = '{}', propertySourceLocations = '{}', propertySourceProperties = '{org.springframework.boot.test.context.SpringBootTestContextBootstrapper=true}', contextCustomizers = set[org.springframework.boot.test.context.SpringBootTestContextCustomizer@30f7f9da, org.springframework.boot.test.context.filter.ExcludeFilterContextCustomizer@2801c898, org.springframework.boot.test.json.DuplicateJsonObjectContextCustomizerFactory$DuplicateJsonObjectContextCustomizer@ad0f8fd, org.springframework.boot.test.mock.mockito.MockitoContextCustomizer@0, org.springframework.boot.test.autoconfigure.properties.PropertyMappingContextCustomizer@0, org.springframework.boot.test.autoconfigure.web.servlet.WebDriverContextCustomizerFactory$Customizer@d16927], resourceBasePath = 'src/main/webapp', contextLoader = 'org.springframework.boot.test.context.SpringBootContextLoader', parent = [null]]].
2018-02-01 15:36:36.344  INFO 7400 --- [    Test worker] o.s.t.c.transaction.TransactionContext   : Began transaction (1) for test context [DefaultTestContext@2ae27e25 testClass = UsuarioTest, testInstance = co.ceiba.parking.parquedero.UsuarioTest@5134017c, testMethod = validacionTokenExitosaTiempoAgotado@UsuarioTest, testException = [null], mergedContextConfiguration = [WebMergedContextConfiguration@24a296e8 testClass = UsuarioTest, locations = '{}', classes = '{class co.ceiba.parking.Main}', contextInitializerClasses = '[]', activeProfiles = '{}', propertySourceLocations = '{}', propertySourceProperties = '{org.springframework.boot.test.context.SpringBootTestContextBootstrapper=true}', contextCustomizers = set[org.springframework.boot.test.context.SpringBootTestContextCustomizer@30f7f9da, org.springframework.boot.test.context.filter.ExcludeFilterContextCustomizer@2801c898, org.springframework.boot.test.json.DuplicateJsonObjectContextCustomizerFactory$DuplicateJsonObjectContextCustomizer@ad0f8fd, org.springframework.boot.test.mock.mockito.MockitoContextCustomizer@0, org.springframework.boot.test.autoconfigure.properties.PropertyMappingContextCustomizer@0, org.springframework.boot.test.autoconfigure.web.servlet.WebDriverContextCustomizerFactory$Customizer@d16927], resourceBasePath = 'src/main/webapp', contextLoader = 'org.springframework.boot.test.context.SpringBootContextLoader', parent = [null]]]; transaction manager [org.springframework.orm.jpa.JpaTransactionManager@4f7f7b5a]; rollback [true]
2018-02-01 15:36:36.351  INFO 7400 --- [    Test worker] o.s.t.c.transaction.TransactionContext   : Rolled back transaction for test context [DefaultTestContext@2ae27e25 testClass = UsuarioTest, testInstance = co.ceiba.parking.parquedero.UsuarioTest@5134017c, testMethod = validacionTokenExitosaTiempoAgotado@UsuarioTest, testException = [null], mergedContextConfiguration = [WebMergedContextConfiguration@24a296e8 testClass = UsuarioTest, locations = '{}', classes = '{class co.ceiba.parking.Main}', contextInitializerClasses = '[]', activeProfiles = '{}', propertySourceLocations = '{}', propertySourceProperties = '{org.springframework.boot.test.context.SpringBootTestContextBootstrapper=true}', contextCustomizers = set[org.springframework.boot.test.context.SpringBootTestContextCustomizer@30f7f9da, org.springframework.boot.test.context.filter.ExcludeFilterContextCustomizer@2801c898, org.springframework.boot.test.json.DuplicateJsonObjectContextCustomizerFactory$DuplicateJsonObjectContextCustomizer@ad0f8fd, org.springframework.boot.test.mock.mockito.MockitoContextCustomizer@0, org.springframework.boot.test.autoconfigure.properties.PropertyMappingContextCustomizer@0, org.springframework.boot.test.autoconfigure.web.servlet.WebDriverContextCustomizerFactory$Customizer@d16927], resourceBasePath = 'src/main/webapp', contextLoader = 'org.springframework.boot.test.context.SpringBootContextLoader', parent = [null]]].
]]></system-out>
  <system-err><![CDATA[]]></system-err>
</testsuite>
