<?xml version="1.0" encoding="UTF-8"?>
<testsuite name="co.ceiba.parking.parquedero.RegistroVehiculoTest" tests="6" skipped="0" failures="0" errors="0" timestamp="2018-01-31T12:40:00" hostname="CESAR-VELASQUEZ" time="0.234">
  <properties/>
  <testcase name="IngresoPlacaIniciaPorLetraALosDomingosYLunesTest" classname="co.ceiba.parking.parquedero.RegistroVehiculoTest" time="0.0"/>
  <testcase name="CalcularTotalParqueoMotoTest" classname="co.ceiba.parking.parquedero.RegistroVehiculoTest" time="0.0"/>
  <testcase name="ParqueaderoNoDisponibleParaCarros" classname="co.ceiba.parking.parquedero.RegistroVehiculoTest" time="0.203"/>
  <testcase name="CalcularTotalParqueoCarroTest" classname="co.ceiba.parking.parquedero.RegistroVehiculoTest" time="0.0"/>
  <testcase name="ParqueaderoNoDisponibleParaMotos" classname="co.ceiba.parking.parquedero.RegistroVehiculoTest" time="0.015"/>
  <testcase name="VehiculoEnParqueadero" classname="co.ceiba.parking.parquedero.RegistroVehiculoTest" time="0.016"/>
  <system-out><![CDATA[]]></system-out>
  <system-err><![CDATA[]]></system-err>
</testsuite>
